2023-09-09 16:14:36,659 [Worker-4: Loading available Gradle versions] INFO  o.e.b.c.i.u.g.PublishedGradleVersions - Gradle version information cache is up-to-date. Trying to read.
2023-09-10 12:31:43,893 [Worker-4: Loading available Gradle versions] INFO  o.e.b.c.i.u.g.PublishedGradleVersions - Gradle version information cache is up-to-date. Trying to read.
2023-09-10 12:44:55,020 [ModalContext] INFO  o.e.m.c.i.e.AbstractTransferListenerAdapter - Downloading https://repo.maven.apache.org/maven2/com/github/ywchang/maven-archetype-quickstart/1.1/maven-archetype-quickstart-1.1.pom
2023-09-10 12:44:55,193 [ModalContext] INFO  o.e.m.c.i.e.AbstractTransferListenerAdapter - Downloaded https://repo.maven.apache.org/maven2/com/github/ywchang/maven-archetype-quickstart/1.1/maven-archetype-quickstart-1.1.pom
2023-09-10 12:44:55,428 [ModalContext] INFO  o.e.m.c.i.e.AbstractTransferListenerAdapter - Downloading https://repo.maven.apache.org/maven2/com/github/ywchang/maven-archetype-quickstart/1.1/maven-archetype-quickstart-1.1.jar
2023-09-10 12:44:55,659 [ModalContext] INFO  o.e.m.c.i.e.AbstractTransferListenerAdapter - Downloaded https://repo.maven.apache.org/maven2/com/github/ywchang/maven-archetype-quickstart/1.1/maven-archetype-quickstart-1.1.jar
2023-09-10 12:47:51,077 [Worker-19: Launching mavenrun-84fed244-7adf-44f4-9758-f902a5f69dd8] INFO  o.eclipse.m2e.core.internal.Bundles - getClasspathEntries(Bundle=org.eclipse.m2e.maven.runtime_3.8.701.20230209-1606 [1255])
2023-09-10 12:47:51,090 [Worker-19: Launching mavenrun-84fed244-7adf-44f4-9758-f902a5f69dd8] INFO  o.eclipse.m2e.core.internal.Bundles - 	Entry: C:\Users\s\.p2\pool\plugins\org.eclipse.m2e.maven.runtime_3.8.701.20230209-1606
2023-09-10 12:47:51,091 [Worker-19: Launching mavenrun-84fed244-7adf-44f4-9758-f902a5f69dd8] INFO  o.eclipse.m2e.core.internal.Bundles - 	Entry: C:\Users\s\.p2\pool\plugins\org.eclipse.m2e.maven.runtime_3.8.701.20230209-1606\jars\aether-connector-okhttp-0.17.8.jar
2023-09-10 12:47:51,092 [Worker-19: Launching mavenrun-84fed244-7adf-44f4-9758-f902a5f69dd8] INFO  o.eclipse.m2e.core.internal.Bundles - 	Entry: C:\Users\s\.p2\pool\plugins\org.eclipse.m2e.maven.runtime_3.8.701.20230209-1606\jars\commons-lang3-3.8.1.jar
2023-09-10 12:47:51,093 [Worker-19: Launching mavenrun-84fed244-7adf-44f4-9758-f902a5f69dd8] INFO  o.eclipse.m2e.core.internal.Bundles - 	Entry: C:\Users\s\.p2\pool\plugins\org.eclipse.m2e.maven.runtime_3.8.701.20230209-1606\jars\guice-4.2.2-no_aop.jar
2023-09-10 12:47:51,094 [Worker-19: Launching mavenrun-84fed244-7adf-44f4-9758-f902a5f69dd8] INFO  o.eclipse.m2e.core.internal.Bundles - 	Entry: C:\Users\s\.p2\pool\plugins\org.eclipse.m2e.maven.runtime_3.8.701.20230209-1606\jars\jansi-2.4.0.jar
2023-09-10 12:47:51,095 [Worker-19: Launching mavenrun-84fed244-7adf-44f4-9758-f902a5f69dd8] INFO  o.eclipse.m2e.core.internal.Bundles - 	Entry: C:\Users\s\.p2\pool\plugins\org.eclipse.m2e.maven.runtime_3.8.701.20230209-1606\jars\maven-artifact-3.8.7.jar
2023-09-10 12:47:51,097 [Worker-19: Launching mavenrun-84fed244-7adf-44f4-9758-f902a5f69dd8] INFO  o.eclipse.m2e.core.internal.Bundles - 	Entry: C:\Users\s\.p2\pool\plugins\org.eclipse.m2e.maven.runtime_3.8.701.20230209-1606\jars\maven-builder-support-3.8.7.jar
2023-09-10 12:47:51,098 [Worker-19: Launching mavenrun-84fed244-7adf-44f4-9758-f902a5f69dd8] INFO  o.eclipse.m2e.core.internal.Bundles - 	Entry: C:\Users\s\.p2\pool\plugins\org.eclipse.m2e.maven.runtime_3.8.701.20230209-1606\jars\maven-compat-3.8.7.jar
2023-09-10 12:47:51,099 [Worker-19: Launching mavenrun-84fed244-7adf-44f4-9758-f902a5f69dd8] INFO  o.eclipse.m2e.core.internal.Bundles - 	Entry: C:\Users\s\.p2\pool\plugins\org.eclipse.m2e.maven.runtime_3.8.701.20230209-1606\jars\maven-core-3.8.7.jar
2023-09-10 12:47:51,100 [Worker-19: Launching mavenrun-84fed244-7adf-44f4-9758-f902a5f69dd8] INFO  o.eclipse.m2e.core.internal.Bundles - 	Entry: C:\Users\s\.p2\pool\plugins\org.eclipse.m2e.maven.runtime_3.8.701.20230209-1606\jars\maven-embedder-3.8.7.jar
2023-09-10 12:47:51,102 [Worker-19: Launching mavenrun-84fed244-7adf-44f4-9758-f902a5f69dd8] INFO  o.eclipse.m2e.core.internal.Bundles - 	Entry: C:\Users\s\.p2\pool\plugins\org.eclipse.m2e.maven.runtime_3.8.701.20230209-1606\jars\maven-model-3.8.7.jar
2023-09-10 12:47:51,103 [Worker-19: Launching mavenrun-84fed244-7adf-44f4-9758-f902a5f69dd8] INFO  o.eclipse.m2e.core.internal.Bundles - 	Entry: C:\Users\s\.p2\pool\plugins\org.eclipse.m2e.maven.runtime_3.8.701.20230209-1606\jars\maven-model-builder-3.8.7.jar
2023-09-10 12:47:51,104 [Worker-19: Launching mavenrun-84fed244-7adf-44f4-9758-f902a5f69dd8] INFO  o.eclipse.m2e.core.internal.Bundles - 	Entry: C:\Users\s\.p2\pool\plugins\org.eclipse.m2e.maven.runtime_3.8.701.20230209-1606\jars\maven-plugin-api-3.8.7.jar
2023-09-10 12:47:51,105 [Worker-19: Launching mavenrun-84fed244-7adf-44f4-9758-f902a5f69dd8] INFO  o.eclipse.m2e.core.internal.Bundles - 	Entry: C:\Users\s\.p2\pool\plugins\org.eclipse.m2e.maven.runtime_3.8.701.20230209-1606\jars\maven-repository-metadata-3.8.7.jar
2023-09-10 12:47:51,106 [Worker-19: Launching mavenrun-84fed244-7adf-44f4-9758-f902a5f69dd8] INFO  o.eclipse.m2e.core.internal.Bundles - 	Entry: C:\Users\s\.p2\pool\plugins\org.eclipse.m2e.maven.runtime_3.8.701.20230209-1606\jars\maven-resolver-api-1.6.3.jar
2023-09-10 12:47:51,107 [Worker-19: Launching mavenrun-84fed244-7adf-44f4-9758-f902a5f69dd8] INFO  o.eclipse.m2e.core.internal.Bundles - 	Entry: C:\Users\s\.p2\pool\plugins\org.eclipse.m2e.maven.runtime_3.8.701.20230209-1606\jars\maven-resolver-connector-basic-1.6.3.jar
2023-09-10 12:47:51,108 [Worker-19: Launching mavenrun-84fed244-7adf-44f4-9758-f902a5f69dd8] INFO  o.eclipse.m2e.core.internal.Bundles - 	Entry: C:\Users\s\.p2\pool\plugins\org.eclipse.m2e.maven.runtime_3.8.701.20230209-1606\jars\maven-resolver-impl-1.6.3.jar
2023-09-10 12:47:51,110 [Worker-19: Launching mavenrun-84fed244-7adf-44f4-9758-f902a5f69dd8] INFO  o.eclipse.m2e.core.internal.Bundles - 	Entry: C:\Users\s\.p2\pool\plugins\org.eclipse.m2e.maven.runtime_3.8.701.20230209-1606\jars\maven-resolver-provider-3.8.7.jar
2023-09-10 12:47:51,110 [Worker-19: Launching mavenrun-84fed244-7adf-44f4-9758-f902a5f69dd8] INFO  o.eclipse.m2e.core.internal.Bundles - 	Entry: C:\Users\s\.p2\pool\plugins\org.eclipse.m2e.maven.runtime_3.8.701.20230209-1606\jars\maven-resolver-spi-1.6.3.jar
2023-09-10 12:47:51,111 [Worker-19: Launching mavenrun-84fed244-7adf-44f4-9758-f902a5f69dd8] INFO  o.eclipse.m2e.core.internal.Bundles - 	Entry: C:\Users\s\.p2\pool\plugins\org.eclipse.m2e.maven.runtime_3.8.701.20230209-1606\jars\maven-resolver-transport-wagon-1.6.3.jar
2023-09-10 12:47:51,112 [Worker-19: Launching mavenrun-84fed244-7adf-44f4-9758-f902a5f69dd8] INFO  o.eclipse.m2e.core.internal.Bundles - 	Entry: C:\Users\s\.p2\pool\plugins\org.eclipse.m2e.maven.runtime_3.8.701.20230209-1606\jars\maven-resolver-util-1.6.3.jar
2023-09-10 12:47:51,113 [Worker-19: Launching mavenrun-84fed244-7adf-44f4-9758-f902a5f69dd8] INFO  o.eclipse.m2e.core.internal.Bundles - 	Entry: C:\Users\s\.p2\pool\plugins\org.eclipse.m2e.maven.runtime_3.8.701.20230209-1606\jars\maven-settings-3.8.7.jar
2023-09-10 12:47:51,114 [Worker-19: Launching mavenrun-84fed244-7adf-44f4-9758-f902a5f69dd8] INFO  o.eclipse.m2e.core.internal.Bundles - 	Entry: C:\Users\s\.p2\pool\plugins\org.eclipse.m2e.maven.runtime_3.8.701.20230209-1606\jars\maven-settings-builder-3.8.7.jar
2023-09-10 12:47:51,115 [Worker-19: Launching mavenrun-84fed244-7adf-44f4-9758-f902a5f69dd8] INFO  o.eclipse.m2e.core.internal.Bundles - 	Entry: C:\Users\s\.p2\pool\plugins\org.eclipse.m2e.maven.runtime_3.8.701.20230209-1606\jars\maven-shared-utils-3.3.4.jar
2023-09-10 12:47:51,117 [Worker-19: Launching mavenrun-84fed244-7adf-44f4-9758-f902a5f69dd8] INFO  o.eclipse.m2e.core.internal.Bundles - 	Entry: C:\Users\s\.p2\pool\plugins\org.eclipse.m2e.maven.runtime_3.8.701.20230209-1606\jars\okhttp-3.14.1.jar
2023-09-10 12:47:51,118 [Worker-19: Launching mavenrun-84fed244-7adf-44f4-9758-f902a5f69dd8] INFO  o.eclipse.m2e.core.internal.Bundles - 	Entry: C:\Users\s\.p2\pool\plugins\org.eclipse.m2e.maven.runtime_3.8.701.20230209-1606\jars\okio-1.17.3.jar
2023-09-10 12:47:51,119 [Worker-19: Launching mavenrun-84fed244-7adf-44f4-9758-f902a5f69dd8] INFO  o.eclipse.m2e.core.internal.Bundles - 	Entry: C:\Users\s\.p2\pool\plugins\org.eclipse.m2e.maven.runtime_3.8.701.20230209-1606\jars\org.eclipse.sisu.inject-0.3.5.jar
2023-09-10 12:47:51,120 [Worker-19: Launching mavenrun-84fed244-7adf-44f4-9758-f902a5f69dd8] INFO  o.eclipse.m2e.core.internal.Bundles - 	Entry: C:\Users\s\.p2\pool\plugins\org.eclipse.m2e.maven.runtime_3.8.701.20230209-1606\jars\org.eclipse.sisu.plexus-0.3.5.jar
2023-09-10 12:47:51,121 [Worker-19: Launching mavenrun-84fed244-7adf-44f4-9758-f902a5f69dd8] INFO  o.eclipse.m2e.core.internal.Bundles - 	Entry: C:\Users\s\.p2\pool\plugins\org.eclipse.m2e.maven.runtime_3.8.701.20230209-1606\jars\plexus-build-api-0.0.7.jar
2023-09-10 12:47:51,136 [Worker-19: Launching mavenrun-84fed244-7adf-44f4-9758-f902a5f69dd8] INFO  o.eclipse.m2e.core.internal.Bundles - 	Entry: C:\Users\s\.p2\pool\plugins\org.eclipse.m2e.maven.runtime_3.8.701.20230209-1606\jars\plexus-cipher-2.0.jar
2023-09-10 12:47:51,137 [Worker-19: Launching mavenrun-84fed244-7adf-44f4-9758-f902a5f69dd8] INFO  o.eclipse.m2e.core.internal.Bundles - 	Entry: C:\Users\s\.p2\pool\plugins\org.eclipse.m2e.maven.runtime_3.8.701.20230209-1606\jars\plexus-classworlds-2.6.0.jar
2023-09-10 12:47:51,138 [Worker-19: Launching mavenrun-84fed244-7adf-44f4-9758-f902a5f69dd8] INFO  o.eclipse.m2e.core.internal.Bundles - 	Entry: C:\Users\s\.p2\pool\plugins\org.eclipse.m2e.maven.runtime_3.8.701.20230209-1606\jars\plexus-component-annotations-2.1.0.jar
2023-09-10 12:47:51,139 [Worker-19: Launching mavenrun-84fed244-7adf-44f4-9758-f902a5f69dd8] INFO  o.eclipse.m2e.core.internal.Bundles - 	Entry: C:\Users\s\.p2\pool\plugins\org.eclipse.m2e.maven.runtime_3.8.701.20230209-1606\jars\plexus-interpolation-1.26.jar
2023-09-10 12:47:51,140 [Worker-19: Launching mavenrun-84fed244-7adf-44f4-9758-f902a5f69dd8] INFO  o.eclipse.m2e.core.internal.Bundles - 	Entry: C:\Users\s\.p2\pool\plugins\org.eclipse.m2e.maven.runtime_3.8.701.20230209-1606\jars\plexus-sec-dispatcher-2.0.jar
2023-09-10 12:47:51,142 [Worker-19: Launching mavenrun-84fed244-7adf-44f4-9758-f902a5f69dd8] INFO  o.eclipse.m2e.core.internal.Bundles - 	Entry: C:\Users\s\.p2\pool\plugins\org.eclipse.m2e.maven.runtime_3.8.701.20230209-1606\jars\plexus-utils-3.3.1.jar
2023-09-10 12:47:51,144 [Worker-19: Launching mavenrun-84fed244-7adf-44f4-9758-f902a5f69dd8] INFO  o.eclipse.m2e.core.internal.Bundles - 	Entry: C:\Users\s\.p2\pool\plugins\org.eclipse.m2e.maven.runtime_3.8.701.20230209-1606\jars\wagon-file-3.5.3.jar
2023-09-10 12:47:51,144 [Worker-19: Launching mavenrun-84fed244-7adf-44f4-9758-f902a5f69dd8] INFO  o.eclipse.m2e.core.internal.Bundles - 	Entry: C:\Users\s\.p2\pool\plugins\org.eclipse.m2e.maven.runtime_3.8.701.20230209-1606\jars\wagon-provider-api-3.5.3.jar
2023-09-10 12:47:51,148 [Worker-19: Launching mavenrun-84fed244-7adf-44f4-9758-f902a5f69dd8] INFO  o.eclipse.m2e.core.internal.Bundles - getClasspathEntries(Bundle=com.google.guava_31.1.0.jre [1055])
2023-09-10 12:47:51,152 [Worker-19: Launching mavenrun-84fed244-7adf-44f4-9758-f902a5f69dd8] INFO  o.eclipse.m2e.core.internal.Bundles - 	Entry: C:\Users\s\.p2\pool\plugins\com.google.guava_31.1.0.jre.jar
2023-09-10 12:47:51,152 [Worker-19: Launching mavenrun-84fed244-7adf-44f4-9758-f902a5f69dd8] INFO  o.eclipse.m2e.core.internal.Bundles - getClasspathEntries(Bundle=slf4j.api_1.7.36 [1432])
2023-09-10 12:47:51,158 [Worker-19: Launching mavenrun-84fed244-7adf-44f4-9758-f902a5f69dd8] INFO  o.eclipse.m2e.core.internal.Bundles - 	Entry: C:\Users\s\.p2\pool\plugins\slf4j.api_1.7.36.jar
2023-09-10 12:47:51,158 [Worker-19: Launching mavenrun-84fed244-7adf-44f4-9758-f902a5f69dd8] INFO  o.eclipse.m2e.core.internal.Bundles - getClasspathEntries(Bundle=javax.inject_1.0.0.v20220405-0441 [31])
2023-09-10 12:47:51,163 [Worker-19: Launching mavenrun-84fed244-7adf-44f4-9758-f902a5f69dd8] INFO  o.eclipse.m2e.core.internal.Bundles - 	Entry: C:\Users\s\.p2\pool\plugins\javax.inject_1.0.0.v20220405-0441.jar
2023-09-10 12:47:51,164 [Worker-19: Launching mavenrun-84fed244-7adf-44f4-9758-f902a5f69dd8] INFO  o.eclipse.m2e.core.internal.Bundles - getClasspathEntries(Bundle=javax.annotation_1.3.5.v20221203-1659 [1069])
2023-09-10 12:47:51,171 [Worker-19: Launching mavenrun-84fed244-7adf-44f4-9758-f902a5f69dd8] INFO  o.eclipse.m2e.core.internal.Bundles - 	Entry: C:\Users\s\.p2\pool\plugins\javax.annotation_1.3.5.v20221203-1659.jar
2023-09-10 12:47:51,171 [Worker-19: Launching mavenrun-84fed244-7adf-44f4-9758-f902a5f69dd8] INFO  o.eclipse.m2e.core.internal.Bundles - getClasspathEntries(Bundle=org.apache.commons.cli_1.4.0.v20221112-0806 [1087])
2023-09-10 12:47:51,175 [Worker-19: Launching mavenrun-84fed244-7adf-44f4-9758-f902a5f69dd8] INFO  o.eclipse.m2e.core.internal.Bundles - 	Entry: C:\Users\s\.p2\pool\plugins\org.apache.commons.cli_1.4.0.v20221112-0806.jar
2023-09-10 12:47:51,176 [Worker-19: Launching mavenrun-84fed244-7adf-44f4-9758-f902a5f69dd8] INFO  o.eclipse.m2e.core.internal.Bundles - getClasspathEntries(Bundle=com.google.guava.failureaccess_1.0.1 [1056])
2023-09-10 12:47:51,185 [Worker-19: Launching mavenrun-84fed244-7adf-44f4-9758-f902a5f69dd8] INFO  o.eclipse.m2e.core.internal.Bundles - 	Entry: C:\Users\s\.p2\pool\plugins\com.google.guava.failureaccess_1.0.1.jar
2023-09-10 12:47:51,205 [Worker-19: Launching mavenrun-84fed244-7adf-44f4-9758-f902a5f69dd8] INFO  o.e.m.i.launch.MavenLaunchDelegate - Run build in "C:\Users\s\AppData\Local\Temp\m2e-archetypeGenerator2161023977303164772":
2023-09-10 12:47:51,214 [Worker-19: Launching mavenrun-84fed244-7adf-44f4-9758-f902a5f69dd8] INFO  o.e.m.i.launch.MavenLaunchDelegate -  mvn  -DarchetypeGroupId=com.github.ywchang -DarchetypeArtifactId=maven-archetype-quickstart -DarchetypeVersion=1.1 -DgroupId=com.pdf -DartifactId=com.pdf.secure -Dversion=0.0.1-SNAPSHOT -Dpackage=com.pdf.com.pdf.secure -DoutputDirectory=D:\SecurePdfProject -Dstyle.color=always -U archetype:generate
2023-09-10 12:48:17,807 [Worker-16: Creating maven-archetype-quickstart] INFO  o.e.m.c.i.p.ProjectConfigurationManager - Collecting project info '/pom.xml' D:\SecurePdfProject\com.pdf.secure\pom.xml
2023-09-10 12:48:19,206 [Worker-16: Creating maven-archetype-quickstart] INFO  o.e.m.c.i.e.AbstractTransferListenerAdapter - Downloading https://repo.maven.apache.org/maven2/org/apache/maven/plugins/maven-surefire-plugin/3.0.0-M5/maven-surefire-plugin-3.0.0-M5.jar
2023-09-10 12:48:19,356 [Worker-16: Creating maven-archetype-quickstart] INFO  o.e.m.c.i.e.AbstractTransferListenerAdapter - Downloaded https://repo.maven.apache.org/maven2/org/apache/maven/plugins/maven-surefire-plugin/3.0.0-M5/maven-surefire-plugin-3.0.0-M5.jar
2023-09-10 12:48:21,682 [Worker-16: Creating maven-archetype-quickstart] INFO  o.e.m.c.i.l.LifecycleMappingFactory - Using org.eclipse.m2e.jdt.JarLifecycleMapping lifecycle mapping for MavenProject: com.pdf:com.pdf.secure:0.0.1-SNAPSHOT @ D:\SecurePdfProject\com.pdf.secure\pom.xml.
2023-09-10 12:48:22,062 [Worker-16: Creating maven-archetype-quickstart] INFO  o.e.m.c.i.e.AbstractTransferListenerAdapter - Downloading https://repo.maven.apache.org/maven2/org/apache/maven/plugins/maven-surefire-plugin/3.0.0-M5/maven-surefire-plugin-3.0.0-M5.pom
2023-09-10 12:48:22,172 [Worker-16: Creating maven-archetype-quickstart] INFO  o.e.m.c.i.e.AbstractTransferListenerAdapter - Downloaded https://repo.maven.apache.org/maven2/org/apache/maven/plugins/maven-surefire-plugin/3.0.0-M5/maven-surefire-plugin-3.0.0-M5.pom
2023-09-10 12:48:22,510 [Worker-16: Creating maven-archetype-quickstart] INFO  o.e.m.c.i.e.AbstractTransferListenerAdapter - Downloading https://repo.maven.apache.org/maven2/org/apache/maven/surefire/surefire/3.0.0-M5/surefire-3.0.0-M5.pom
2023-09-10 12:48:22,649 [Worker-16: Creating maven-archetype-quickstart] INFO  o.e.m.c.i.e.AbstractTransferListenerAdapter - Downloaded https://repo.maven.apache.org/maven2/org/apache/maven/surefire/surefire/3.0.0-M5/surefire-3.0.0-M5.pom
2023-09-10 12:48:24,024 [Worker-16: Creating maven-archetype-quickstart] INFO  o.e.m.j.i.AbstractJavaProjectConfigurator - Adding source folder /com.pdf.secure/src/main/java
2023-09-10 12:48:24,040 [Worker-16: Creating maven-archetype-quickstart] INFO  o.e.m.j.i.AbstractJavaProjectConfigurator - Adding source folder /com.pdf.secure/src/test/java
2023-09-10 12:48:24,598 [Worker-16: Creating maven-archetype-quickstart] INFO  o.e.m.c.i.p.ProjectConfigurationManager - Imported and configured 1 project(s) in 6 sec
2023-09-10 12:48:29,829 [Worker-17: Building] INFO  o.e.m.c.i.embedder.EclipseLogger - Using 'UTF-8' encoding to copy filtered resources.
2023-09-10 12:48:29,829 [Worker-17: Building] INFO  o.e.m.c.i.embedder.EclipseLogger - skip non existing resourceDirectory D:\SecurePdfProject\com.pdf.secure\src\main\resources
2023-09-10 12:48:29,839 [Worker-17: Building] INFO  o.e.m.c.i.embedder.EclipseLogger - Using 'UTF-8' encoding to copy filtered resources.
2023-09-10 12:48:29,840 [Worker-17: Building] INFO  o.e.m.c.i.embedder.EclipseLogger - skip non existing resourceDirectory D:\SecurePdfProject\com.pdf.secure\src\test\resources
2023-09-10 12:49:54,394 [Worker-20: Building] INFO  o.e.m.c.i.l.LifecycleMappingFactory - Using org.eclipse.m2e.jdt.JarLifecycleMapping lifecycle mapping for MavenProject: com.pdf:com.pdf.secure:0.0.1-SNAPSHOT @ D:\SecurePdfProject\com.pdf.secure\pom.xml.
2023-09-10 12:49:55,679 [AetherRepositoryConnector-repo.maven.apache.org-0-1] INFO  o.e.m.c.i.e.AbstractTransferListenerAdapter - Downloading https://repo.maven.apache.org/maven2/org/apache/pdfbox/fontbox/2.0.29/fontbox-2.0.29.jar
2023-09-10 12:49:55,974 [AetherRepositoryConnector-repo.maven.apache.org-0-0] INFO  o.e.m.c.i.e.AbstractTransferListenerAdapter - Downloading https://repo.maven.apache.org/maven2/org/apache/pdfbox/pdfbox/2.0.29/pdfbox-2.0.29.jar
2023-09-10 12:50:01,095 [AetherRepositoryConnector-repo.maven.apache.org-0-1] INFO  o.e.m.c.i.e.AbstractTransferListenerAdapter - Downloaded https://repo.maven.apache.org/maven2/org/apache/pdfbox/fontbox/2.0.29/fontbox-2.0.29.jar
2023-09-10 12:50:02,781 [AetherRepositoryConnector-repo.maven.apache.org-0-0] INFO  o.e.m.c.i.e.AbstractTransferListenerAdapter - Downloaded https://repo.maven.apache.org/maven2/org/apache/pdfbox/pdfbox/2.0.29/pdfbox-2.0.29.jar
2023-09-10 12:50:03,620 [Worker-20: Building] INFO  o.e.m.c.i.embedder.EclipseLogger - Using 'UTF-8' encoding to copy filtered resources.
2023-09-10 12:50:03,620 [Worker-20: Building] INFO  o.e.m.c.i.embedder.EclipseLogger - skip non existing resourceDirectory D:\SecurePdfProject\com.pdf.secure\src\main\resources
2023-09-10 12:50:03,632 [Worker-20: Building] INFO  o.e.m.c.i.embedder.EclipseLogger - Using 'UTF-8' encoding to copy filtered resources.
2023-09-10 12:50:03,632 [Worker-20: Building] INFO  o.e.m.c.i.embedder.EclipseLogger - skip non existing resourceDirectory D:\SecurePdfProject\com.pdf.secure\src\test\resources
2023-09-10 12:50:04,459 [Worker-17: Download sources and javadoc] INFO  o.e.m.c.i.e.AbstractTransferListenerAdapter - Downloading https://repo.maven.apache.org/maven2/org/apache/pdfbox/pdfbox/2.0.29/pdfbox-2.0.29-sources.jar
2023-09-10 12:50:06,929 [Worker-17: Download sources and javadoc] INFO  o.e.m.c.i.e.AbstractTransferListenerAdapter - Downloaded https://repo.maven.apache.org/maven2/org/apache/pdfbox/pdfbox/2.0.29/pdfbox-2.0.29-sources.jar
2023-09-10 12:50:06,938 [Worker-17: Download sources and javadoc] INFO  o.e.m.j.internal.DownloadSourcesJob - Downloaded sources for org.apache.pdfbox:pdfbox:2.0.29
2023-09-10 12:50:07,626 [Worker-17: Download sources and javadoc] INFO  o.e.m.c.i.e.AbstractTransferListenerAdapter - Downloading https://repo.maven.apache.org/maven2/org/apache/pdfbox/fontbox/2.0.29/fontbox-2.0.29-sources.jar
2023-09-10 12:50:08,831 [Worker-17: Download sources and javadoc] INFO  o.e.m.c.i.e.AbstractTransferListenerAdapter - Downloaded https://repo.maven.apache.org/maven2/org/apache/pdfbox/fontbox/2.0.29/fontbox-2.0.29-sources.jar
2023-09-10 12:50:08,837 [Worker-17: Download sources and javadoc] INFO  o.e.m.j.internal.DownloadSourcesJob - Downloaded sources for org.apache.pdfbox:fontbox:2.0.29
2023-09-10 12:51:13,028 [Worker-20: Building] INFO  o.e.m.c.i.embedder.EclipseLogger - Using 'UTF-8' encoding to copy filtered resources.
2023-09-10 12:51:13,029 [Worker-20: Building] INFO  o.e.m.c.i.embedder.EclipseLogger - skip non existing resourceDirectory D:\SecurePdfProject\com.pdf.secure\src\main\resources
2023-09-10 12:51:13,035 [Worker-20: Building] INFO  o.e.m.c.i.embedder.EclipseLogger - Using 'UTF-8' encoding to copy filtered resources.
2023-09-10 12:51:13,036 [Worker-20: Building] INFO  o.e.m.c.i.embedder.EclipseLogger - skip non existing resourceDirectory D:\SecurePdfProject\com.pdf.secure\src\test\resources
2023-09-10 12:51:48,542 [Worker-22: Building] INFO  o.e.m.c.i.embedder.EclipseLogger - Using 'UTF-8' encoding to copy filtered resources.
2023-09-10 12:51:48,543 [Worker-22: Building] INFO  o.e.m.c.i.embedder.EclipseLogger - skip non existing resourceDirectory D:\SecurePdfProject\com.pdf.secure\src\main\resources
2023-09-10 12:51:48,552 [Worker-22: Building] INFO  o.e.m.c.i.embedder.EclipseLogger - Using 'UTF-8' encoding to copy filtered resources.
2023-09-10 12:51:48,552 [Worker-22: Building] INFO  o.e.m.c.i.embedder.EclipseLogger - skip non existing resourceDirectory D:\SecurePdfProject\com.pdf.secure\src\test\resources
2023-09-10 12:51:56,697 [Worker-22: Building] INFO  o.e.m.c.i.embedder.EclipseLogger - Using 'UTF-8' encoding to copy filtered resources.
2023-09-10 12:51:56,698 [Worker-22: Building] INFO  o.e.m.c.i.embedder.EclipseLogger - skip non existing resourceDirectory D:\SecurePdfProject\com.pdf.secure\src\main\resources
2023-09-10 12:51:56,703 [Worker-22: Building] INFO  o.e.m.c.i.embedder.EclipseLogger - Using 'UTF-8' encoding to copy filtered resources.
2023-09-10 12:51:56,704 [Worker-22: Building] INFO  o.e.m.c.i.embedder.EclipseLogger - skip non existing resourceDirectory D:\SecurePdfProject\com.pdf.secure\src\test\resources
2023-09-10 12:52:10,328 [Worker-22: Building] INFO  o.e.m.c.i.embedder.EclipseLogger - Using 'UTF-8' encoding to copy filtered resources.
2023-09-10 12:52:10,328 [Worker-22: Building] INFO  o.e.m.c.i.embedder.EclipseLogger - skip non existing resourceDirectory D:\SecurePdfProject\com.pdf.secure\src\main\resources
2023-09-10 12:52:10,333 [Worker-22: Building] INFO  o.e.m.c.i.embedder.EclipseLogger - Using 'UTF-8' encoding to copy filtered resources.
2023-09-10 12:52:10,333 [Worker-22: Building] INFO  o.e.m.c.i.embedder.EclipseLogger - skip non existing resourceDirectory D:\SecurePdfProject\com.pdf.secure\src\test\resources
2023-09-10 12:53:13,351 [Worker-16: Building] INFO  o.e.m.c.i.embedder.EclipseLogger - Using 'UTF-8' encoding to copy filtered resources.
2023-09-10 12:53:13,352 [Worker-16: Building] INFO  o.e.m.c.i.embedder.EclipseLogger - skip non existing resourceDirectory D:\SecurePdfProject\com.pdf.secure\src\main\resources
2023-09-10 12:53:13,358 [Worker-16: Building] INFO  o.e.m.c.i.embedder.EclipseLogger - Using 'UTF-8' encoding to copy filtered resources.
2023-09-10 12:53:13,358 [Worker-16: Building] INFO  o.e.m.c.i.embedder.EclipseLogger - skip non existing resourceDirectory D:\SecurePdfProject\com.pdf.secure\src\test\resources
2023-09-10 12:53:20,287 [Worker-19: Building] INFO  o.e.m.c.i.embedder.EclipseLogger - Using 'UTF-8' encoding to copy filtered resources.
2023-09-10 12:53:20,288 [Worker-19: Building] INFO  o.e.m.c.i.embedder.EclipseLogger - skip non existing resourceDirectory D:\SecurePdfProject\com.pdf.secure\src\main\resources
2023-09-10 12:53:20,294 [Worker-19: Building] INFO  o.e.m.c.i.embedder.EclipseLogger - Using 'UTF-8' encoding to copy filtered resources.
2023-09-10 12:53:20,294 [Worker-19: Building] INFO  o.e.m.c.i.embedder.EclipseLogger - skip non existing resourceDirectory D:\SecurePdfProject\com.pdf.secure\src\test\resources
2023-09-10 12:53:35,700 [Worker-16: Building] INFO  o.e.m.c.i.embedder.EclipseLogger - Using 'UTF-8' encoding to copy filtered resources.
2023-09-10 12:53:35,700 [Worker-16: Building] INFO  o.e.m.c.i.embedder.EclipseLogger - skip non existing resourceDirectory D:\SecurePdfProject\com.pdf.secure\src\main\resources
2023-09-10 12:53:35,708 [Worker-16: Building] INFO  o.e.m.c.i.embedder.EclipseLogger - Using 'UTF-8' encoding to copy filtered resources.
2023-09-10 12:53:35,708 [Worker-16: Building] INFO  o.e.m.c.i.embedder.EclipseLogger - skip non existing resourceDirectory D:\SecurePdfProject\com.pdf.secure\src\test\resources
2023-09-10 12:53:40,050 [Worker-23: Building] INFO  o.e.m.c.i.embedder.EclipseLogger - Using 'UTF-8' encoding to copy filtered resources.
2023-09-10 12:53:40,050 [Worker-23: Building] INFO  o.e.m.c.i.embedder.EclipseLogger - skip non existing resourceDirectory D:\SecurePdfProject\com.pdf.secure\src\main\resources
2023-09-10 12:53:40,054 [Worker-23: Building] INFO  o.e.m.c.i.embedder.EclipseLogger - Using 'UTF-8' encoding to copy filtered resources.
2023-09-10 12:53:40,055 [Worker-23: Building] INFO  o.e.m.c.i.embedder.EclipseLogger - skip non existing resourceDirectory D:\SecurePdfProject\com.pdf.secure\src\test\resources
2023-09-10 12:53:45,692 [Worker-22: Building] INFO  o.e.m.c.i.embedder.EclipseLogger - Using 'UTF-8' encoding to copy filtered resources.
2023-09-10 12:53:45,692 [Worker-22: Building] INFO  o.e.m.c.i.embedder.EclipseLogger - skip non existing resourceDirectory D:\SecurePdfProject\com.pdf.secure\src\main\resources
2023-09-10 12:53:45,698 [Worker-22: Building] INFO  o.e.m.c.i.embedder.EclipseLogger - Using 'UTF-8' encoding to copy filtered resources.
2023-09-10 12:53:45,698 [Worker-22: Building] INFO  o.e.m.c.i.embedder.EclipseLogger - skip non existing resourceDirectory D:\SecurePdfProject\com.pdf.secure\src\test\resources
2023-09-10 12:55:15,380 [Worker-20: Building] INFO  o.e.m.c.i.embedder.EclipseLogger - Using 'UTF-8' encoding to copy filtered resources.
2023-09-10 12:55:15,381 [Worker-20: Building] INFO  o.e.m.c.i.embedder.EclipseLogger - skip non existing resourceDirectory D:\SecurePdfProject\com.pdf.secure\src\main\resources
2023-09-10 12:55:15,385 [Worker-20: Building] INFO  o.e.m.c.i.embedder.EclipseLogger - Using 'UTF-8' encoding to copy filtered resources.
2023-09-10 12:55:15,386 [Worker-20: Building] INFO  o.e.m.c.i.embedder.EclipseLogger - skip non existing resourceDirectory D:\SecurePdfProject\com.pdf.secure\src\test\resources
2023-09-10 12:58:39,802 [Worker-16: Launching App] INFO  o.e.m.c.i.embedder.EclipseLogger - Using 'UTF-8' encoding to copy filtered resources.
2023-09-10 12:58:39,802 [Worker-16: Launching App] INFO  o.e.m.c.i.embedder.EclipseLogger - skip non existing resourceDirectory D:\SecurePdfProject\com.pdf.secure\src\main\resources
2023-09-10 12:58:39,807 [Worker-16: Launching App] INFO  o.e.m.c.i.embedder.EclipseLogger - Using 'UTF-8' encoding to copy filtered resources.
2023-09-10 12:58:39,807 [Worker-16: Launching App] INFO  o.e.m.c.i.embedder.EclipseLogger - skip non existing resourceDirectory D:\SecurePdfProject\com.pdf.secure\src\test\resources
2023-09-10 12:59:23,421 [Worker-25: Building] INFO  o.e.m.c.i.embedder.EclipseLogger - Using 'UTF-8' encoding to copy filtered resources.
2023-09-10 12:59:23,422 [Worker-25: Building] INFO  o.e.m.c.i.embedder.EclipseLogger - skip non existing resourceDirectory D:\SecurePdfProject\com.pdf.secure\src\main\resources
2023-09-10 12:59:23,431 [Worker-25: Building] INFO  o.e.m.c.i.embedder.EclipseLogger - Using 'UTF-8' encoding to copy filtered resources.
2023-09-10 12:59:23,433 [Worker-25: Building] INFO  o.e.m.c.i.embedder.EclipseLogger - skip non existing resourceDirectory D:\SecurePdfProject\com.pdf.secure\src\test\resources
2023-09-10 12:59:36,504 [Worker-28: Building] INFO  o.e.m.c.i.embedder.EclipseLogger - Using 'UTF-8' encoding to copy filtered resources.
2023-09-10 12:59:36,505 [Worker-28: Building] INFO  o.e.m.c.i.embedder.EclipseLogger - skip non existing resourceDirectory D:\SecurePdfProject\com.pdf.secure\src\main\resources
2023-09-10 12:59:36,509 [Worker-28: Building] INFO  o.e.m.c.i.embedder.EclipseLogger - Using 'UTF-8' encoding to copy filtered resources.
2023-09-10 12:59:36,509 [Worker-28: Building] INFO  o.e.m.c.i.embedder.EclipseLogger - skip non existing resourceDirectory D:\SecurePdfProject\com.pdf.secure\src\test\resources
2023-09-10 13:03:55,942 [Worker-31: Building] INFO  o.e.m.c.i.l.LifecycleMappingFactory - Using org.eclipse.m2e.jdt.JarLifecycleMapping lifecycle mapping for MavenProject: com.pdf:com.pdf.secure:0.0.1-SNAPSHOT @ D:\SecurePdfProject\com.pdf.secure\pom.xml.
2023-09-10 13:03:56,512 [Worker-31: Building] INFO  o.e.m.c.i.embedder.EclipseLogger - Using 'UTF-8' encoding to copy filtered resources.
2023-09-10 13:03:56,512 [Worker-31: Building] INFO  o.e.m.c.i.embedder.EclipseLogger - skip non existing resourceDirectory D:\SecurePdfProject\com.pdf.secure\src\main\resources
2023-09-10 13:03:56,520 [Worker-31: Building] INFO  o.e.m.c.i.embedder.EclipseLogger - Using 'UTF-8' encoding to copy filtered resources.
2023-09-10 13:03:56,520 [Worker-31: Building] INFO  o.e.m.c.i.embedder.EclipseLogger - skip non existing resourceDirectory D:\SecurePdfProject\com.pdf.secure\src\test\resources
2023-09-10 13:04:01,384 [Worker-28: Building] INFO  o.e.m.c.i.l.LifecycleMappingFactory - Using org.eclipse.m2e.jdt.JarLifecycleMapping lifecycle mapping for MavenProject: com.pdf:com.pdf.secure:0.0.1-SNAPSHOT @ D:\SecurePdfProject\com.pdf.secure\pom.xml.
2023-09-10 13:04:02,574 [Worker-28: Building] INFO  o.e.m.c.i.embedder.EclipseLogger - Using 'UTF-8' encoding to copy filtered resources.
2023-09-10 13:04:02,575 [Worker-28: Building] INFO  o.e.m.c.i.embedder.EclipseLogger - skip non existing resourceDirectory D:\SecurePdfProject\com.pdf.secure\src\main\resources
2023-09-10 13:04:02,595 [Worker-28: Building] INFO  o.e.m.c.i.embedder.EclipseLogger - Using 'UTF-8' encoding to copy filtered resources.
2023-09-10 13:04:02,596 [Worker-28: Building] INFO  o.e.m.c.i.embedder.EclipseLogger - skip non existing resourceDirectory D:\SecurePdfProject\com.pdf.secure\src\test\resources
2023-09-10 13:04:28,385 [Worker-32: Building] INFO  o.e.m.c.i.embedder.EclipseLogger - Using 'UTF-8' encoding to copy filtered resources.
2023-09-10 13:04:28,385 [Worker-32: Building] INFO  o.e.m.c.i.embedder.EclipseLogger - skip non existing resourceDirectory D:\SecurePdfProject\com.pdf.secure\src\main\resources
2023-09-10 13:04:28,389 [Worker-32: Building] INFO  o.e.m.c.i.embedder.EclipseLogger - Using 'UTF-8' encoding to copy filtered resources.
2023-09-10 13:04:28,390 [Worker-32: Building] INFO  o.e.m.c.i.embedder.EclipseLogger - skip non existing resourceDirectory D:\SecurePdfProject\com.pdf.secure\src\test\resources
2023-09-10 13:05:11,926 [Worker-32: Building] INFO  o.e.m.c.i.embedder.EclipseLogger - Using 'UTF-8' encoding to copy filtered resources.
2023-09-10 13:05:11,926 [Worker-32: Building] INFO  o.e.m.c.i.embedder.EclipseLogger - skip non existing resourceDirectory D:\SecurePdfProject\com.pdf.secure\src\main\resources
2023-09-10 13:05:11,929 [Worker-32: Building] INFO  o.e.m.c.i.embedder.EclipseLogger - Using 'UTF-8' encoding to copy filtered resources.
2023-09-10 13:05:11,930 [Worker-32: Building] INFO  o.e.m.c.i.embedder.EclipseLogger - skip non existing resourceDirectory D:\SecurePdfProject\com.pdf.secure\src\test\resources
2023-09-10 13:05:54,977 [Worker-33: Building] INFO  o.e.m.c.i.embedder.EclipseLogger - Using 'UTF-8' encoding to copy filtered resources.
2023-09-10 13:05:54,979 [Worker-33: Building] INFO  o.e.m.c.i.embedder.EclipseLogger - skip non existing resourceDirectory D:\SecurePdfProject\com.pdf.secure\src\main\resources
2023-09-10 13:05:54,989 [Worker-33: Building] INFO  o.e.m.c.i.embedder.EclipseLogger - Using 'UTF-8' encoding to copy filtered resources.
2023-09-10 13:05:54,990 [Worker-33: Building] INFO  o.e.m.c.i.embedder.EclipseLogger - skip non existing resourceDirectory D:\SecurePdfProject\com.pdf.secure\src\test\resources
2023-09-10 13:06:29,124 [Worker-29: Building] INFO  o.e.m.c.i.embedder.EclipseLogger - Using 'UTF-8' encoding to copy filtered resources.
2023-09-10 13:06:29,124 [Worker-29: Building] INFO  o.e.m.c.i.embedder.EclipseLogger - skip non existing resourceDirectory D:\SecurePdfProject\com.pdf.secure\src\main\resources
2023-09-10 13:06:29,130 [Worker-29: Building] INFO  o.e.m.c.i.embedder.EclipseLogger - Using 'UTF-8' encoding to copy filtered resources.
2023-09-10 13:06:29,130 [Worker-29: Building] INFO  o.e.m.c.i.embedder.EclipseLogger - skip non existing resourceDirectory D:\SecurePdfProject\com.pdf.secure\src\test\resources
2023-09-10 13:07:10,153 [Worker-29: Building] INFO  o.e.m.c.i.embedder.EclipseLogger - Using 'UTF-8' encoding to copy filtered resources.
2023-09-10 13:07:10,153 [Worker-29: Building] INFO  o.e.m.c.i.embedder.EclipseLogger - skip non existing resourceDirectory D:\SecurePdfProject\com.pdf.secure\src\main\resources
2023-09-10 13:07:10,159 [Worker-29: Building] INFO  o.e.m.c.i.embedder.EclipseLogger - Using 'UTF-8' encoding to copy filtered resources.
2023-09-10 13:07:10,159 [Worker-29: Building] INFO  o.e.m.c.i.embedder.EclipseLogger - skip non existing resourceDirectory D:\SecurePdfProject\com.pdf.secure\src\test\resources
2023-09-10 13:09:17,753 [Worker-29: Building] INFO  o.e.m.c.i.embedder.EclipseLogger - Using 'UTF-8' encoding to copy filtered resources.
2023-09-10 13:09:17,754 [Worker-29: Building] INFO  o.e.m.c.i.embedder.EclipseLogger - skip non existing resourceDirectory D:\SecurePdfProject\com.pdf.secure\src\main\resources
2023-09-10 13:09:17,757 [Worker-29: Building] INFO  o.e.m.c.i.embedder.EclipseLogger - Using 'UTF-8' encoding to copy filtered resources.
2023-09-10 13:09:17,757 [Worker-29: Building] INFO  o.e.m.c.i.embedder.EclipseLogger - skip non existing resourceDirectory D:\SecurePdfProject\com.pdf.secure\src\test\resources
2023-09-10 13:09:43,428 [Worker-32: Building] INFO  o.e.m.c.i.embedder.EclipseLogger - Using 'UTF-8' encoding to copy filtered resources.
2023-09-10 13:09:43,429 [Worker-32: Building] INFO  o.e.m.c.i.embedder.EclipseLogger - skip non existing resourceDirectory D:\SecurePdfProject\com.pdf.secure\src\main\resources
2023-09-10 13:09:43,434 [Worker-32: Building] INFO  o.e.m.c.i.embedder.EclipseLogger - Using 'UTF-8' encoding to copy filtered resources.
2023-09-10 13:09:43,435 [Worker-32: Building] INFO  o.e.m.c.i.embedder.EclipseLogger - skip non existing resourceDirectory D:\SecurePdfProject\com.pdf.secure\src\test\resources
2023-09-10 13:10:01,003 [Worker-32: Building] INFO  o.e.m.c.i.embedder.EclipseLogger - Using 'UTF-8' encoding to copy filtered resources.
2023-09-10 13:10:01,003 [Worker-32: Building] INFO  o.e.m.c.i.embedder.EclipseLogger - skip non existing resourceDirectory D:\SecurePdfProject\com.pdf.secure\src\main\resources
2023-09-10 13:10:01,007 [Worker-32: Building] INFO  o.e.m.c.i.embedder.EclipseLogger - Using 'UTF-8' encoding to copy filtered resources.
2023-09-10 13:10:01,007 [Worker-32: Building] INFO  o.e.m.c.i.embedder.EclipseLogger - skip non existing resourceDirectory D:\SecurePdfProject\com.pdf.secure\src\test\resources
2023-09-10 13:10:39,564 [Worker-28: Building] INFO  o.e.m.c.i.embedder.EclipseLogger - Using 'UTF-8' encoding to copy filtered resources.
2023-09-10 13:10:39,564 [Worker-28: Building] INFO  o.e.m.c.i.embedder.EclipseLogger - skip non existing resourceDirectory D:\SecurePdfProject\com.pdf.secure\src\main\resources
2023-09-10 13:10:39,568 [Worker-28: Building] INFO  o.e.m.c.i.embedder.EclipseLogger - Using 'UTF-8' encoding to copy filtered resources.
2023-09-10 13:10:39,568 [Worker-28: Building] INFO  o.e.m.c.i.embedder.EclipseLogger - skip non existing resourceDirectory D:\SecurePdfProject\com.pdf.secure\src\test\resources
2023-09-10 13:10:45,416 [Worker-28: Building] INFO  o.e.m.c.i.embedder.EclipseLogger - Using 'UTF-8' encoding to copy filtered resources.
2023-09-10 13:10:45,417 [Worker-28: Building] INFO  o.e.m.c.i.embedder.EclipseLogger - skip non existing resourceDirectory D:\SecurePdfProject\com.pdf.secure\src\main\resources
2023-09-10 13:10:45,420 [Worker-28: Building] INFO  o.e.m.c.i.embedder.EclipseLogger - Using 'UTF-8' encoding to copy filtered resources.
2023-09-10 13:10:45,421 [Worker-28: Building] INFO  o.e.m.c.i.embedder.EclipseLogger - skip non existing resourceDirectory D:\SecurePdfProject\com.pdf.secure\src\test\resources
2023-09-10 13:13:45,335 [Worker-35: Building] INFO  o.e.m.c.i.embedder.EclipseLogger - Using 'UTF-8' encoding to copy filtered resources.
2023-09-10 13:13:45,335 [Worker-35: Building] INFO  o.e.m.c.i.embedder.EclipseLogger - skip non existing resourceDirectory D:\SecurePdfProject\com.pdf.secure\src\main\resources
2023-09-10 13:13:45,339 [Worker-35: Building] INFO  o.e.m.c.i.embedder.EclipseLogger - Using 'UTF-8' encoding to copy filtered resources.
2023-09-10 13:13:45,340 [Worker-35: Building] INFO  o.e.m.c.i.embedder.EclipseLogger - skip non existing resourceDirectory D:\SecurePdfProject\com.pdf.secure\src\test\resources
2023-09-10 13:14:29,090 [Worker-31: Building] INFO  o.e.m.c.i.embedder.EclipseLogger - Using 'UTF-8' encoding to copy filtered resources.
2023-09-10 13:14:29,091 [Worker-31: Building] INFO  o.e.m.c.i.embedder.EclipseLogger - skip non existing resourceDirectory D:\SecurePdfProject\com.pdf.secure\src\main\resources
2023-09-10 13:14:29,099 [Worker-31: Building] INFO  o.e.m.c.i.embedder.EclipseLogger - Using 'UTF-8' encoding to copy filtered resources.
2023-09-10 13:14:29,099 [Worker-31: Building] INFO  o.e.m.c.i.embedder.EclipseLogger - skip non existing resourceDirectory D:\SecurePdfProject\com.pdf.secure\src\test\resources
2023-09-10 13:17:42,800 [Worker-37: Building] INFO  o.e.m.c.i.embedder.EclipseLogger - Using 'UTF-8' encoding to copy filtered resources.
2023-09-10 13:17:42,801 [Worker-37: Building] INFO  o.e.m.c.i.embedder.EclipseLogger - skip non existing resourceDirectory D:\SecurePdfProject\com.pdf.secure\src\main\resources
2023-09-10 13:17:42,805 [Worker-37: Building] INFO  o.e.m.c.i.embedder.EclipseLogger - Using 'UTF-8' encoding to copy filtered resources.
2023-09-10 13:17:42,806 [Worker-37: Building] INFO  o.e.m.c.i.embedder.EclipseLogger - skip non existing resourceDirectory D:\SecurePdfProject\com.pdf.secure\src\test\resources
2023-09-10 13:18:19,033 [Worker-38: Building] INFO  o.e.m.c.i.embedder.EclipseLogger - Using 'UTF-8' encoding to copy filtered resources.
2023-09-10 13:18:19,033 [Worker-38: Building] INFO  o.e.m.c.i.embedder.EclipseLogger - skip non existing resourceDirectory D:\SecurePdfProject\com.pdf.secure\src\main\resources
2023-09-10 13:18:19,037 [Worker-38: Building] INFO  o.e.m.c.i.embedder.EclipseLogger - Using 'UTF-8' encoding to copy filtered resources.
2023-09-10 13:18:19,037 [Worker-38: Building] INFO  o.e.m.c.i.embedder.EclipseLogger - skip non existing resourceDirectory D:\SecurePdfProject\com.pdf.secure\src\test\resources
2023-09-10 13:18:32,101 [Worker-31: Building] INFO  o.e.m.c.i.embedder.EclipseLogger - Using 'UTF-8' encoding to copy filtered resources.
2023-09-10 13:18:32,101 [Worker-31: Building] INFO  o.e.m.c.i.embedder.EclipseLogger - skip non existing resourceDirectory D:\SecurePdfProject\com.pdf.secure\src\main\resources
2023-09-10 13:18:32,107 [Worker-31: Building] INFO  o.e.m.c.i.embedder.EclipseLogger - Using 'UTF-8' encoding to copy filtered resources.
2023-09-10 13:18:32,107 [Worker-31: Building] INFO  o.e.m.c.i.embedder.EclipseLogger - skip non existing resourceDirectory D:\SecurePdfProject\com.pdf.secure\src\test\resources
2023-09-10 13:19:39,896 [Worker-35: Building] INFO  o.e.m.c.i.embedder.EclipseLogger - Using 'UTF-8' encoding to copy filtered resources.
2023-09-10 13:19:39,896 [Worker-35: Building] INFO  o.e.m.c.i.embedder.EclipseLogger - skip non existing resourceDirectory D:\SecurePdfProject\com.pdf.secure\src\main\resources
2023-09-10 13:19:39,901 [Worker-35: Building] INFO  o.e.m.c.i.embedder.EclipseLogger - Using 'UTF-8' encoding to copy filtered resources.
2023-09-10 13:19:39,901 [Worker-35: Building] INFO  o.e.m.c.i.embedder.EclipseLogger - skip non existing resourceDirectory D:\SecurePdfProject\com.pdf.secure\src\test\resources
2023-09-10 13:25:47,604 [Worker-31: Building] INFO  o.e.m.c.i.embedder.EclipseLogger - Using 'UTF-8' encoding to copy filtered resources.
2023-09-10 13:25:47,605 [Worker-31: Building] INFO  o.e.m.c.i.embedder.EclipseLogger - skip non existing resourceDirectory D:\SecurePdfProject\com.pdf.secure\src\main\resources
2023-09-10 13:25:47,637 [Worker-31: Building] INFO  o.e.m.c.i.embedder.EclipseLogger - Using 'UTF-8' encoding to copy filtered resources.
2023-09-10 13:25:47,638 [Worker-31: Building] INFO  o.e.m.c.i.embedder.EclipseLogger - skip non existing resourceDirectory D:\SecurePdfProject\com.pdf.secure\src\test\resources
2023-09-10 13:26:26,466 [Worker-41: Building] INFO  o.e.m.c.i.embedder.EclipseLogger - Using 'UTF-8' encoding to copy filtered resources.
2023-09-10 13:26:26,467 [Worker-41: Building] INFO  o.e.m.c.i.embedder.EclipseLogger - skip non existing resourceDirectory D:\SecurePdfProject\com.pdf.secure\src\main\resources
2023-09-10 13:26:26,471 [Worker-41: Building] INFO  o.e.m.c.i.embedder.EclipseLogger - Using 'UTF-8' encoding to copy filtered resources.
2023-09-10 13:26:26,471 [Worker-41: Building] INFO  o.e.m.c.i.embedder.EclipseLogger - skip non existing resourceDirectory D:\SecurePdfProject\com.pdf.secure\src\test\resources
2023-09-10 13:27:59,026 [Worker-43: Building] INFO  o.e.m.c.i.embedder.EclipseLogger - Using 'UTF-8' encoding to copy filtered resources.
2023-09-10 13:27:59,028 [Worker-43: Building] INFO  o.e.m.c.i.embedder.EclipseLogger - skip non existing resourceDirectory D:\SecurePdfProject\com.pdf.secure\src\main\resources
2023-09-10 13:27:59,040 [Worker-43: Building] INFO  o.e.m.c.i.embedder.EclipseLogger - Using 'UTF-8' encoding to copy filtered resources.
2023-09-10 13:27:59,041 [Worker-43: Building] INFO  o.e.m.c.i.embedder.EclipseLogger - skip non existing resourceDirectory D:\SecurePdfProject\com.pdf.secure\src\test\resources
2023-09-10 13:28:25,586 [Worker-44: Building] INFO  o.e.m.c.i.embedder.EclipseLogger - Using 'UTF-8' encoding to copy filtered resources.
2023-09-10 13:28:25,587 [Worker-44: Building] INFO  o.e.m.c.i.embedder.EclipseLogger - skip non existing resourceDirectory D:\SecurePdfProject\com.pdf.secure\src\main\resources
2023-09-10 13:28:25,599 [Worker-44: Building] INFO  o.e.m.c.i.embedder.EclipseLogger - Using 'UTF-8' encoding to copy filtered resources.
2023-09-10 13:28:25,600 [Worker-44: Building] INFO  o.e.m.c.i.embedder.EclipseLogger - skip non existing resourceDirectory D:\SecurePdfProject\com.pdf.secure\src\test\resources
2023-09-10 13:30:10,513 [Worker-31: Building] INFO  o.e.m.c.i.embedder.EclipseLogger - Using 'UTF-8' encoding to copy filtered resources.
2023-09-10 13:30:10,513 [Worker-31: Building] INFO  o.e.m.c.i.embedder.EclipseLogger - skip non existing resourceDirectory D:\SecurePdfProject\com.pdf.secure\src\main\resources
2023-09-10 13:30:10,517 [Worker-31: Building] INFO  o.e.m.c.i.embedder.EclipseLogger - Using 'UTF-8' encoding to copy filtered resources.
2023-09-10 13:30:10,518 [Worker-31: Building] INFO  o.e.m.c.i.embedder.EclipseLogger - skip non existing resourceDirectory D:\SecurePdfProject\com.pdf.secure\src\test\resources
2023-09-10 13:39:47,521 [Worker-46: Building] INFO  o.e.m.c.i.embedder.EclipseLogger - Using 'UTF-8' encoding to copy filtered resources.
2023-09-10 13:39:47,522 [Worker-46: Building] INFO  o.e.m.c.i.embedder.EclipseLogger - skip non existing resourceDirectory D:\SecurePdfProject\com.pdf.secure\src\main\resources
2023-09-10 13:39:47,528 [Worker-46: Building] INFO  o.e.m.c.i.embedder.EclipseLogger - Using 'UTF-8' encoding to copy filtered resources.
2023-09-10 13:39:47,529 [Worker-46: Building] INFO  o.e.m.c.i.embedder.EclipseLogger - skip non existing resourceDirectory D:\SecurePdfProject\com.pdf.secure\src\test\resources
2023-09-10 13:40:15,423 [Worker-48: Building] INFO  o.e.m.c.i.embedder.EclipseLogger - Using 'UTF-8' encoding to copy filtered resources.
2023-09-10 13:40:15,424 [Worker-48: Building] INFO  o.e.m.c.i.embedder.EclipseLogger - skip non existing resourceDirectory D:\SecurePdfProject\com.pdf.secure\src\main\resources
2023-09-10 13:40:15,430 [Worker-48: Building] INFO  o.e.m.c.i.embedder.EclipseLogger - Using 'UTF-8' encoding to copy filtered resources.
2023-09-10 13:40:15,430 [Worker-48: Building] INFO  o.e.m.c.i.embedder.EclipseLogger - skip non existing resourceDirectory D:\SecurePdfProject\com.pdf.secure\src\test\resources
2023-09-10 13:40:33,430 [Worker-49: Building] INFO  o.e.m.c.i.embedder.EclipseLogger - Using 'UTF-8' encoding to copy filtered resources.
2023-09-10 13:40:33,432 [Worker-49: Building] INFO  o.e.m.c.i.embedder.EclipseLogger - skip non existing resourceDirectory D:\SecurePdfProject\com.pdf.secure\src\main\resources
2023-09-10 13:40:33,444 [Worker-49: Building] INFO  o.e.m.c.i.embedder.EclipseLogger - Using 'UTF-8' encoding to copy filtered resources.
2023-09-10 13:40:33,445 [Worker-49: Building] INFO  o.e.m.c.i.embedder.EclipseLogger - skip non existing resourceDirectory D:\SecurePdfProject\com.pdf.secure\src\test\resources
2023-09-10 13:41:00,742 [Worker-45: Building] INFO  o.e.m.c.i.embedder.EclipseLogger - Using 'UTF-8' encoding to copy filtered resources.
2023-09-10 13:41:00,742 [Worker-45: Building] INFO  o.e.m.c.i.embedder.EclipseLogger - skip non existing resourceDirectory D:\SecurePdfProject\com.pdf.secure\src\main\resources
2023-09-10 13:41:00,746 [Worker-45: Building] INFO  o.e.m.c.i.embedder.EclipseLogger - Using 'UTF-8' encoding to copy filtered resources.
2023-09-10 13:41:00,747 [Worker-45: Building] INFO  o.e.m.c.i.embedder.EclipseLogger - skip non existing resourceDirectory D:\SecurePdfProject\com.pdf.secure\src\test\resources
2023-09-10 13:41:15,168 [Worker-50: Building] INFO  o.e.m.c.i.embedder.EclipseLogger - Using 'UTF-8' encoding to copy filtered resources.
2023-09-10 13:41:15,168 [Worker-50: Building] INFO  o.e.m.c.i.embedder.EclipseLogger - skip non existing resourceDirectory D:\SecurePdfProject\com.pdf.secure\src\main\resources
2023-09-10 13:41:15,173 [Worker-50: Building] INFO  o.e.m.c.i.embedder.EclipseLogger - Using 'UTF-8' encoding to copy filtered resources.
2023-09-10 13:41:15,173 [Worker-50: Building] INFO  o.e.m.c.i.embedder.EclipseLogger - skip non existing resourceDirectory D:\SecurePdfProject\com.pdf.secure\src\test\resources
2023-09-10 13:41:20,602 [Worker-49: Building] INFO  o.e.m.c.i.embedder.EclipseLogger - Using 'UTF-8' encoding to copy filtered resources.
2023-09-10 13:41:20,603 [Worker-49: Building] INFO  o.e.m.c.i.embedder.EclipseLogger - skip non existing resourceDirectory D:\SecurePdfProject\com.pdf.secure\src\main\resources
2023-09-10 13:41:20,614 [Worker-49: Building] INFO  o.e.m.c.i.embedder.EclipseLogger - Using 'UTF-8' encoding to copy filtered resources.
2023-09-10 13:41:20,615 [Worker-49: Building] INFO  o.e.m.c.i.embedder.EclipseLogger - skip non existing resourceDirectory D:\SecurePdfProject\com.pdf.secure\src\test\resources
2023-09-10 13:42:06,120 [Worker-50: Building] INFO  o.e.m.c.i.embedder.EclipseLogger - Using 'UTF-8' encoding to copy filtered resources.
2023-09-10 13:42:06,121 [Worker-50: Building] INFO  o.e.m.c.i.embedder.EclipseLogger - skip non existing resourceDirectory D:\SecurePdfProject\com.pdf.secure\src\main\resources
2023-09-10 13:42:06,126 [Worker-50: Building] INFO  o.e.m.c.i.embedder.EclipseLogger - Using 'UTF-8' encoding to copy filtered resources.
2023-09-10 13:42:06,127 [Worker-50: Building] INFO  o.e.m.c.i.embedder.EclipseLogger - skip non existing resourceDirectory D:\SecurePdfProject\com.pdf.secure\src\test\resources
2023-09-10 13:42:22,315 [Worker-51: Building] INFO  o.e.m.c.i.embedder.EclipseLogger - Using 'UTF-8' encoding to copy filtered resources.
2023-09-10 13:42:22,316 [Worker-51: Building] INFO  o.e.m.c.i.embedder.EclipseLogger - skip non existing resourceDirectory D:\SecurePdfProject\com.pdf.secure\src\main\resources
2023-09-10 13:42:22,319 [Worker-51: Building] INFO  o.e.m.c.i.embedder.EclipseLogger - Using 'UTF-8' encoding to copy filtered resources.
2023-09-10 13:42:22,319 [Worker-51: Building] INFO  o.e.m.c.i.embedder.EclipseLogger - skip non existing resourceDirectory D:\SecurePdfProject\com.pdf.secure\src\test\resources
2023-09-10 13:43:04,850 [Worker-50: Building] INFO  o.e.m.c.i.embedder.EclipseLogger - Using 'UTF-8' encoding to copy filtered resources.
2023-09-10 13:43:04,851 [Worker-50: Building] INFO  o.e.m.c.i.embedder.EclipseLogger - skip non existing resourceDirectory D:\SecurePdfProject\com.pdf.secure\src\main\resources
2023-09-10 13:43:04,855 [Worker-50: Building] INFO  o.e.m.c.i.embedder.EclipseLogger - Using 'UTF-8' encoding to copy filtered resources.
2023-09-10 13:43:04,855 [Worker-50: Building] INFO  o.e.m.c.i.embedder.EclipseLogger - skip non existing resourceDirectory D:\SecurePdfProject\com.pdf.secure\src\test\resources
2023-09-10 13:43:30,150 [Worker-45: Building] INFO  o.e.m.c.i.embedder.EclipseLogger - Using 'UTF-8' encoding to copy filtered resources.
2023-09-10 13:43:30,151 [Worker-45: Building] INFO  o.e.m.c.i.embedder.EclipseLogger - skip non existing resourceDirectory D:\SecurePdfProject\com.pdf.secure\src\main\resources
2023-09-10 13:43:30,153 [Worker-45: Building] INFO  o.e.m.c.i.embedder.EclipseLogger - Using 'UTF-8' encoding to copy filtered resources.
2023-09-10 13:43:30,154 [Worker-45: Building] INFO  o.e.m.c.i.embedder.EclipseLogger - skip non existing resourceDirectory D:\SecurePdfProject\com.pdf.secure\src\test\resources
2023-09-10 13:43:40,180 [Worker-48: Launching App] INFO  o.e.m.c.i.embedder.EclipseLogger - Using 'UTF-8' encoding to copy filtered resources.
2023-09-10 13:43:40,180 [Worker-48: Launching App] INFO  o.e.m.c.i.embedder.EclipseLogger - skip non existing resourceDirectory D:\SecurePdfProject\com.pdf.secure\src\main\resources
2023-09-10 13:43:40,185 [Worker-48: Launching App] INFO  o.e.m.c.i.embedder.EclipseLogger - Using 'UTF-8' encoding to copy filtered resources.
2023-09-10 13:43:40,186 [Worker-48: Launching App] INFO  o.e.m.c.i.embedder.EclipseLogger - skip non existing resourceDirectory D:\SecurePdfProject\com.pdf.secure\src\test\resources
2023-09-10 13:43:57,177 [Worker-45: Building] INFO  o.e.m.c.i.embedder.EclipseLogger - Using 'UTF-8' encoding to copy filtered resources.
2023-09-10 13:43:57,178 [Worker-45: Building] INFO  o.e.m.c.i.embedder.EclipseLogger - skip non existing resourceDirectory D:\SecurePdfProject\com.pdf.secure\src\main\resources
2023-09-10 13:43:57,189 [Worker-45: Building] INFO  o.e.m.c.i.embedder.EclipseLogger - Using 'UTF-8' encoding to copy filtered resources.
2023-09-10 13:43:57,191 [Worker-45: Building] INFO  o.e.m.c.i.embedder.EclipseLogger - skip non existing resourceDirectory D:\SecurePdfProject\com.pdf.secure\src\test\resources
2023-09-10 13:45:20,860 [Worker-49: Building] INFO  o.e.m.c.i.embedder.EclipseLogger - Using 'UTF-8' encoding to copy filtered resources.
2023-09-10 13:45:20,860 [Worker-49: Building] INFO  o.e.m.c.i.embedder.EclipseLogger - skip non existing resourceDirectory D:\SecurePdfProject\com.pdf.secure\src\main\resources
2023-09-10 13:45:20,864 [Worker-49: Building] INFO  o.e.m.c.i.embedder.EclipseLogger - Using 'UTF-8' encoding to copy filtered resources.
2023-09-10 13:45:20,864 [Worker-49: Building] INFO  o.e.m.c.i.embedder.EclipseLogger - skip non existing resourceDirectory D:\SecurePdfProject\com.pdf.secure\src\test\resources
2023-09-10 17:26:24,097 [Worker-53: Building] INFO  o.e.m.c.i.embedder.EclipseLogger - Using 'UTF-8' encoding to copy filtered resources.
2023-09-10 17:26:24,098 [Worker-53: Building] INFO  o.e.m.c.i.embedder.EclipseLogger - skip non existing resourceDirectory D:\SecurePdfProject\com.pdf.secure\src\main\resources
2023-09-10 17:26:24,100 [Worker-53: Building] INFO  o.e.m.c.i.embedder.EclipseLogger - Using 'UTF-8' encoding to copy filtered resources.
2023-09-10 17:26:24,100 [Worker-53: Building] INFO  o.e.m.c.i.embedder.EclipseLogger - skip non existing resourceDirectory D:\SecurePdfProject\com.pdf.secure\src\test\resources
2023-09-10 23:17:08,753 [Worker-2: Loading available Gradle versions] INFO  o.e.b.c.i.u.g.PublishedGradleVersions - Gradle version information cache is out-of-date. Trying to update.
2023-09-11 08:52:58,546 [Worker-15: Building] INFO  o.e.m.c.i.embedder.EclipseLogger - Using 'UTF-8' encoding to copy filtered resources.
2023-09-11 08:52:58,546 [Worker-15: Building] INFO  o.e.m.c.i.embedder.EclipseLogger - skip non existing resourceDirectory D:\SecurePdfProject\com.pdf.secure\src\main\resources
2023-09-11 08:52:58,554 [Worker-15: Building] INFO  o.e.m.c.i.embedder.EclipseLogger - Using 'UTF-8' encoding to copy filtered resources.
2023-09-11 08:52:58,554 [Worker-15: Building] INFO  o.e.m.c.i.embedder.EclipseLogger - skip non existing resourceDirectory D:\SecurePdfProject\com.pdf.secure\src\test\resources
2023-09-11 08:54:08,769 [Worker-15: Building] INFO  o.e.m.c.i.embedder.EclipseLogger - Using 'UTF-8' encoding to copy filtered resources.
2023-09-11 08:54:08,770 [Worker-15: Building] INFO  o.e.m.c.i.embedder.EclipseLogger - skip non existing resourceDirectory D:\SecurePdfProject\com.pdf.secure\src\main\resources
2023-09-11 08:54:08,776 [Worker-15: Building] INFO  o.e.m.c.i.embedder.EclipseLogger - Using 'UTF-8' encoding to copy filtered resources.
2023-09-11 08:54:08,777 [Worker-15: Building] INFO  o.e.m.c.i.embedder.EclipseLogger - skip non existing resourceDirectory D:\SecurePdfProject\com.pdf.secure\src\test\resources
2023-09-11 08:54:57,110 [Worker-2: Building] INFO  o.e.m.c.i.embedder.EclipseLogger - Using 'UTF-8' encoding to copy filtered resources.
2023-09-11 08:54:57,111 [Worker-2: Building] INFO  o.e.m.c.i.embedder.EclipseLogger - skip non existing resourceDirectory D:\SecurePdfProject\com.pdf.secure\src\main\resources
2023-09-11 08:54:57,117 [Worker-2: Building] INFO  o.e.m.c.i.embedder.EclipseLogger - Using 'UTF-8' encoding to copy filtered resources.
2023-09-11 08:54:57,118 [Worker-2: Building] INFO  o.e.m.c.i.embedder.EclipseLogger - skip non existing resourceDirectory D:\SecurePdfProject\com.pdf.secure\src\test\resources
2023-09-12 21:53:16,905 [Worker-1: Loading available Gradle versions] INFO  o.e.b.c.i.u.g.PublishedGradleVersions - Gradle version information cache is out-of-date. Trying to update.
2024-06-16 22:00:35,423 [Worker-0: Loading available Gradle versions] INFO  o.e.b.c.i.u.g.PublishedGradleVersions - Gradle version information cache is out-of-date. Trying to update.
2024-06-16 22:12:19,411 [Worker-14: Building] INFO  o.e.m.c.i.embedder.EclipseLogger - Using 'UTF-8' encoding to copy filtered resources.
2024-06-16 22:12:19,419 [Worker-14: Building] INFO  o.e.m.c.i.embedder.EclipseLogger - skip non existing resourceDirectory D:\SecurePdfProject\com.pdf.secure\src\main\resources
2024-06-16 22:12:19,428 [Worker-14: Building] INFO  o.e.m.c.i.embedder.EclipseLogger - Using 'UTF-8' encoding to copy filtered resources.
2024-06-16 22:12:19,429 [Worker-14: Building] INFO  o.e.m.c.i.embedder.EclipseLogger - skip non existing resourceDirectory D:\SecurePdfProject\com.pdf.secure\src\test\resources
2024-06-16 22:12:37,596 [Worker-17: Building] INFO  o.e.m.c.i.embedder.EclipseLogger - Using 'UTF-8' encoding to copy filtered resources.
2024-06-16 22:12:37,596 [Worker-17: Building] INFO  o.e.m.c.i.embedder.EclipseLogger - skip non existing resourceDirectory D:\SecurePdfProject\com.pdf.secure\src\main\resources
2024-06-16 22:12:37,603 [Worker-17: Building] INFO  o.e.m.c.i.embedder.EclipseLogger - Using 'UTF-8' encoding to copy filtered resources.
2024-06-16 22:12:37,604 [Worker-17: Building] INFO  o.e.m.c.i.embedder.EclipseLogger - skip non existing resourceDirectory D:\SecurePdfProject\com.pdf.secure\src\test\resources
2024-09-12 20:55:15,991 [Worker-2: Loading available Gradle versions] INFO  o.e.b.c.i.u.g.PublishedGradleVersions - Gradle version information cache is out-of-date. Trying to update.
2024-09-12 20:59:35,576 [Worker-11: Building] INFO  o.e.m.c.i.embedder.EclipseLogger - Using 'UTF-8' encoding to copy filtered resources.
2024-09-12 20:59:35,580 [Worker-11: Building] INFO  o.e.m.c.i.embedder.EclipseLogger - skip non existing resourceDirectory D:\SecurePdfProject\com.pdf.secure\src\main\resources
2024-09-12 20:59:35,587 [Worker-11: Building] INFO  o.e.m.c.i.embedder.EclipseLogger - Using 'UTF-8' encoding to copy filtered resources.
2024-09-12 20:59:35,587 [Worker-11: Building] INFO  o.e.m.c.i.embedder.EclipseLogger - skip non existing resourceDirectory D:\SecurePdfProject\com.pdf.secure\src\test\resources
